make all --print-data-base --no-builtin-variables --no-builtin-rules --question
make: *** No rule to make target 'all'.  Stop.

# GNU Make 4.1
# Built for x86_64-pc-linux-gnu
# Copyright (C) 1988-2014 Free Software Foundation, Inc.
# License GPLv3+: GNU GPL version 3 or later <http://gnu.org/licenses/gpl.html>
# This is free software: you are free to change and redistribute it.
# There is NO WARRANTY, to the extent permitted by law.

# Make data base, printed on Mon Jun 27 10:16:18 2022

# Variables

# 'override' directive
GNUMAKEFLAGS := 
# automatic
<D = $(patsubst %/,%,$(dir $<))
# automatic
?F = $(notdir $?)
# environment
PAPERSIZE = a4
# environment
DESKTOP_SESSION = ubuntu
# default
.SHELLFLAGS := -c
# environment
XDG_SESSION_TYPE = x11
# environment
VSCODE_LOG_NATIVE = false
# automatic
?D = $(patsubst %/,%,$(dir $?))
# environment
IM_CONFIG_PHASE = 2
# automatic
@D = $(patsubst %/,%,$(dir $@))
# environment
XAUTHORITY = /run/user/1000/gdm/Xauthority
# environment
GDMSESSION = ubuntu
# environment
XMODIFIERS = @im=ibus
# makefile
CURDIR := /home/iot/바탕화면/server
# makefile
SHELL = /bin/sh
# environment
VSCODE_NLS_CONFIG = {"locale":"ko","availableLanguages":{"*":"ko"},"_languagePackId":"26f3b44ea4f1e942cca002e9545643cc.ko","_translationsConfigFile":"/home/iot/.config/Code/clp/26f3b44ea4f1e942cca002e9545643cc.ko/tcf.json","_cacheRoot":"/home/iot/.config/Code/clp/26f3b44ea4f1e942cca002e9545643cc.ko","_resolvedLanguagePackCoreLocation":"/home/iot/.config/Code/clp/26f3b44ea4f1e942cca002e9545643cc.ko/30d9c6cd9483b2cc586687151bcbcd635f373630","_corruptedFile":"/home/iot/.config/Code/clp/26f3b44ea4f1e942cca002e9545643cc.ko/corrupted.info","_languagePackSupport":true}
# environment
_ = /usr/share/code/code
# environment
XDG_CONFIG_DIRS = /etc/xdg/xdg-ubuntu:/etc/xdg
# makefile
MAKEFILE_LIST := 
# automatic
@F = $(notdir $@)
# environment
GIO_LAUNCHED_DESKTOP_FILE = /usr/share/applications/code.desktop
# environment
USERNAME = iot
# environment
MAKELEVEL := 0
# environment
MANDATORY_PATH = /usr/share/gconf/ubuntu.mandatory.path
# environment
XDG_DATA_DIRS = /usr/share/ubuntu:/usr/local/share/:/usr/share/:/var/lib/snapd/desktop
# environment
DBUS_SESSION_BUS_ADDRESS = unix:path=/run/user/1000/bus
# environment
VSCODE_VERBOSE_LOGGING = true
# environment
CLUTTER_IM_MODULE = xim
# environment
LESSOPEN = | /usr/bin/lesspipe %s
# environment
LC_NAME = ko_KR.UTF-8
# environment
VSCODE_CWD = /home/iot
# default
MAKE_HOST := x86_64-pc-linux-gnu
# environment
PATH = /home/iot/.local/bin:/home/iot/Qt5.14.2/5.14.2/gcc_64/bin/:/home/iot/Qt5.14.2/Tools/QtCreator/bin/:/home/iot/.local/bin:/usr/local/sbin:/usr/local/bin:/usr/sbin:/usr/bin:/sbin:/bin:/usr/games:/usr/local/games:/snap/bin
# environment
GPG_AGENT_INFO = /run/user/1000/gnupg/S.gpg-agent:0:1
# environment
GJS_DEBUG_OUTPUT = stderr
# environment
SESSION_MANAGER = local/iot:@/tmp/.ICE-unix/2704,unix/iot:/tmp/.ICE-unix/2704
# environment
XDG_RUNTIME_DIR = /run/user/1000
# environment
TEXTDOMAIN = im-config
# environment
XDG_MENU_PREFIX = gnome-
# environment
VSCODE_LOG_STACK = false
# environment
ELECTRON_RUN_AS_NODE = 1
# default
.FEATURES := target-specific order-only second-expansion else-if shortest-stem undefine oneshell archives jobserver output-sync check-symlink load
# environment
LS_COLORS = 
# environment
XDG_SESSION_DESKTOP = ubuntu
# environment
SSH_AUTH_SOCK = /run/user/1000/keyring/ssh
# environment
GIO_LAUNCHED_DESKTOP_FILE_PID = 6889
# automatic
%F = $(notdir $%)
# environment
DISPLAY = :1
# environment
GTK_IM_MODULE = ibus
# environment
VSCODE_PIPE_LOGGING = true
# environment
PWD = /home/iot/바탕화면/server
# environment
XDG_SEAT = seat0
# environment
SSH_AGENT_PID = 2782
# environment
ORIGINAL_XDG_CURRENT_DESKTOP = ubuntu:GNOME
# environment
GTK_MODULES = gail:atk-bridge
# environment
VSCODE_AMD_ENTRYPOINT = vs/workbench/api/node/extensionHostProcess
# environment
HOME = /home/iot
# environment
LESSCLOSE = /usr/bin/lesspipe %s %s
# environment
VSCODE_CODE_CACHE_PATH = /home/iot/.config/Code/CachedData/30d9c6cd9483b2cc586687151bcbcd635f373630
# environment
LOGNAME = iot
# environment
APPLICATION_INSIGHTS_NO_DIAGNOSTIC_CHANNEL = 1
# automatic
+F = $(notdir $+)
# environment
VSCODE_HANDLES_UNCAUGHT_ERRORS = true
# default
MAKE_VERSION := 4.1
# environment
GNOME_DESKTOP_SESSION_ID = this-is-deprecated
# automatic
^D = $(patsubst %/,%,$(dir $^))
# environment
XDG_VTNR = 2
# environment
LC_TIME = ko_KR.UTF-8
# default
MAKE = $(MAKE_COMMAND)
# default
MAKECMDGOALS := all
# environment
QT_IM_MODULE = ibus
# environment
SHLVL = 1
# environment
GNOME_SHELL_SESSION_MODE = ubuntu
# environment
VSCODE_IPC_HOOK_EXTHOST = /run/user/1000/vscode-ipc-b611d600-959a-47e6-a360-df974eeda097.sock
# environment
XDG_SESSION_ID = 3
# environment
USER = iot
# environment
LC_MONETARY = ko_KR.UTF-8
# makefile
.DEFAULT_GOAL := 
# environment
XDG_CURRENT_DESKTOP = Unity
# automatic
%D = $(patsubst %/,%,$(dir $%))
# environment
LC_TELEPHONE = ko_KR.UTF-8
# default
MAKE_COMMAND := make
# default
.VARIABLES := 
# automatic
*F = $(notdir $*)
# environment
LANGUAGE = ko:en_US:en
# environment
VSCODE_IPC_HOOK = /run/user/1000/vscode-2a897dff-1.68.1-main.sock
# makefile
MAKEFLAGS = pqrR
# environment
MFLAGS = -pqrR
# automatic
*D = $(patsubst %/,%,$(dir $*))
# automatic
+D = $(patsubst %/,%,$(dir $+))
# environment
GDK_BACKEND = x11
# environment
LC_PAPER = ko_KR.UTF-8
# environment
QT_ACCESSIBILITY = 1
# environment
DEFAULTS_PATH = /usr/share/gconf/ubuntu.default.path
# environment
TEXTDOMAINDIR = /usr/share/locale/
# default
MAKEFILES := 
# environment
LC_NUMERIC = ko_KR.UTF-8
# automatic
<F = $(notdir $<)
# environment
LC_MEASUREMENT = ko_KR.UTF-8
# environment
LC_ALL = C
# environment
QT4_IM_MODULE = xim
# environment
GJS_DEBUG_TOPICS = JS ERROR;JS LOG
# automatic
^F = $(notdir $^)
# default
SUFFIXES := 
# environment
CHROME_DESKTOP = code-url-handler.desktop
# environment
WINDOWPATH = 2
# default
.INCLUDE_DIRS = /usr/include /usr/local/include /usr/include
# environment
LC_IDENTIFICATION = ko_KR.UTF-8
# default
.RECIPEPREFIX := 
# environment
LC_ADDRESS = ko_KR.UTF-8
# environment
LANG = C
# environment
VSCODE_PID = 6889
# variable set hash-table stats:
# Load=113/1024=11%, Rehash=0, Collisions=19/135=14%

# Pattern-specific Variable Values

# No pattern-specific variable values.

# Directories

# . (device 2053, inode 393311): 4 files, no impossibilities.

# 4 files, no impossibilities in 1 directories.

# Implicit Rules

# No implicit rules.

# Files

# Not a target:
all:
#  Command line target.
#  Implicit rule search has been done.
#  File does not exist.
#  File has not been updated.

# Not a target:
Makefile:
#  Implicit rule search has been done.
#  File does not exist.
#  File has been updated.
#  Failed to be updated.

# Not a target:
makefile:
#  Implicit rule search has been done.
#  File does not exist.
#  File has been updated.
#  Failed to be updated.

# Not a target:
 
.DEFAULT:
#  Implicit rule search has not been done.
#  Modification time never checked.
#  File has not been updated.

# Not a target:
GNUmakefile:
#  Implicit rule search has been done.
#  File does not exist.
#  File has been updated.
#  Failed to be updated.

# files hash-table stats:
# Load=6/1024=1%, Rehash=0, Collisions=0/15=0%
# VPATH Search Paths

# No 'vpath' search paths.

# No general ('VPATH' variable) search path.

# strcache buffers: 1 (0) / strings = 12 / storage = 113 B / avg = 9 B
# current buf: size = 8162 B / used = 113 B / count = 12 / avg = 9 B

# strcache performance: lookups = 15 / hit rate = 20%
# hash-table stats:
# Load=12/8192=0%, Rehash=0, Collisions=1/15=7%
# Finished Make data base on Mon Jun 27 10:16:18 2022

 
